2023-05-30 14:41:40,984 - urllib3.connectionpool - DEBUG - Starting new HTTPS connection (1): checkip.amazonaws.com:443
2023-05-30 14:41:41,984 - urllib3.connectionpool - DEBUG - https://checkip.amazonaws.com:443 "GET / HTTP/1.1" 200 11
2023-05-30 14:41:41,987 - urllib3.connectionpool - DEBUG - Starting new HTTPS connection (1): api.gradio.app:443
2023-05-30 14:41:42,636 - urllib3.connectionpool - DEBUG - https://api.gradio.app:443 "POST /gradio-initiated-analytics/ HTTP/1.1" 200 None
2023-05-30 14:41:42,639 - markdown_it.rules_block.code - DEBUG - entering code: StateBlock(line=0,level=0,tokens=0), 0, 1, False
2023-05-30 14:41:42,639 - markdown_it.rules_block.fence - DEBUG - entering fence: StateBlock(line=0,level=0,tokens=0), 0, 1, False
2023-05-30 14:41:42,639 - markdown_it.rules_block.blockquote - DEBUG - entering blockquote: StateBlock(line=0,level=0,tokens=0), 0, 1, False
2023-05-30 14:41:42,639 - markdown_it.rules_block.hr - DEBUG - entering hr: StateBlock(line=0,level=0,tokens=0), 0, 1, False
2023-05-30 14:41:42,640 - markdown_it.rules_block.list - DEBUG - entering list: StateBlock(line=0,level=0,tokens=0), 0, 1, False
2023-05-30 14:41:42,640 - markdown_it.rules_block.reference - DEBUG - entering reference: StateBlock(line=0,level=0,tokens=0), 0, 1, False
2023-05-30 14:41:42,640 - markdown_it.rules_block.html_block - DEBUG - entering html_block: StateBlock(line=0,level=0,tokens=0), 0, 1, False
2023-05-30 14:41:42,640 - markdown_it.rules_block.heading - DEBUG - entering heading: StateBlock(line=0,level=0,tokens=0), 0, 1, False
2023-05-30 14:41:42,640 - markdown_it.rules_block.lheading - DEBUG - entering lheading: StateBlock(line=0,level=0,tokens=0), 0, 1, False
2023-05-30 14:41:42,640 - markdown_it.rules_block.paragraph - DEBUG - entering paragraph: StateBlock(line=0,level=0,tokens=0), 0, 1, False
2023-05-30 14:41:42,647 - urllib3.connectionpool - DEBUG - Starting new HTTPS connection (1): api.gradio.app:443
2023-05-30 14:41:43,301 - urllib3.connectionpool - DEBUG - https://api.gradio.app:443 "POST /gradio-initiated-analytics/ HTTP/1.1" 200 None
2023-05-30 14:41:43,304 - urllib3.connectionpool - DEBUG - Starting new HTTPS connection (1): api.gradio.app:443
2023-05-30 14:41:43,848 - urllib3.connectionpool - DEBUG - https://api.gradio.app:443 "GET /pkg-version HTTP/1.1" 200 21
2023-05-30 14:41:43,850 - markdown_it.rules_block.code - DEBUG - entering code: StateBlock(line=0,level=0,tokens=0), 0, 1, False
2023-05-30 14:41:43,850 - markdown_it.rules_block.fence - DEBUG - entering fence: StateBlock(line=0,level=0,tokens=0), 0, 1, False
2023-05-30 14:41:43,850 - markdown_it.rules_block.blockquote - DEBUG - entering blockquote: StateBlock(line=0,level=0,tokens=0), 0, 1, False
2023-05-30 14:41:43,850 - markdown_it.rules_block.hr - DEBUG - entering hr: StateBlock(line=0,level=0,tokens=0), 0, 1, False
2023-05-30 14:41:43,850 - markdown_it.rules_block.list - DEBUG - entering list: StateBlock(line=0,level=0,tokens=0), 0, 1, False
2023-05-30 14:41:43,850 - markdown_it.rules_block.reference - DEBUG - entering reference: StateBlock(line=0,level=0,tokens=0), 0, 1, False
2023-05-30 14:41:43,850 - markdown_it.rules_block.html_block - DEBUG - entering html_block: StateBlock(line=0,level=0,tokens=0), 0, 1, False
2023-05-30 14:41:43,851 - markdown_it.rules_block.code - DEBUG - entering code: StateBlock(line=0,level=0,tokens=0), 0, 1, False
2023-05-30 14:41:43,851 - markdown_it.rules_block.fence - DEBUG - entering fence: StateBlock(line=0,level=0,tokens=0), 0, 1, False
2023-05-30 14:41:43,851 - markdown_it.rules_block.blockquote - DEBUG - entering blockquote: StateBlock(line=0,level=0,tokens=0), 0, 1, False
2023-05-30 14:41:43,851 - markdown_it.rules_block.hr - DEBUG - entering hr: StateBlock(line=0,level=0,tokens=0), 0, 1, False
2023-05-30 14:41:43,851 - markdown_it.rules_block.list - DEBUG - entering list: StateBlock(line=0,level=0,tokens=0), 0, 1, False
2023-05-30 14:41:43,851 - markdown_it.rules_block.reference - DEBUG - entering reference: StateBlock(line=0,level=0,tokens=0), 0, 1, False
2023-05-30 14:41:43,851 - markdown_it.rules_block.html_block - DEBUG - entering html_block: StateBlock(line=0,level=0,tokens=0), 0, 1, False
2023-05-30 14:41:43,875 - asyncio - DEBUG - Using proactor: IocpProactor
2023-05-30 14:41:43,909 - urllib3.connectionpool - DEBUG - Starting new HTTP connection (1): 127.0.0.1:7860
2023-05-30 14:41:43,911 - urllib3.connectionpool - DEBUG - http://127.0.0.1:7860 "GET /startup-events HTTP/1.1" 200 4
2023-05-30 14:41:43,913 - urllib3.connectionpool - DEBUG - Starting new HTTP connection (1): 127.0.0.1:7860
2023-05-30 14:41:43,930 - urllib3.connectionpool - DEBUG - http://127.0.0.1:7860 "HEAD / HTTP/1.1" 200 0
2023-05-30 14:41:43,932 - urllib3.connectionpool - DEBUG - Starting new HTTPS connection (1): api.gradio.app:443
2023-05-30 14:41:44,580 - urllib3.connectionpool - DEBUG - https://api.gradio.app:443 "POST /gradio-launched-analytics/ HTTP/1.1" 200 None
2023-05-30 14:52:53,797 - urllib3.connectionpool - DEBUG - Starting new HTTPS connection (1): checkip.amazonaws.com:443
2023-05-30 14:52:54,848 - urllib3.connectionpool - DEBUG - https://checkip.amazonaws.com:443 "GET / HTTP/1.1" 200 11
2023-05-30 14:52:54,850 - urllib3.connectionpool - DEBUG - Starting new HTTPS connection (1): api.gradio.app:443
2023-05-30 14:52:55,501 - urllib3.connectionpool - DEBUG - https://api.gradio.app:443 "POST /gradio-initiated-analytics/ HTTP/1.1" 200 None
2023-05-30 14:52:55,503 - markdown_it.rules_block.code - DEBUG - entering code: StateBlock(line=0,level=0,tokens=0), 0, 1, False
2023-05-30 14:52:55,504 - markdown_it.rules_block.fence - DEBUG - entering fence: StateBlock(line=0,level=0,tokens=0), 0, 1, False
2023-05-30 14:52:55,504 - markdown_it.rules_block.blockquote - DEBUG - entering blockquote: StateBlock(line=0,level=0,tokens=0), 0, 1, False
2023-05-30 14:52:55,504 - markdown_it.rules_block.hr - DEBUG - entering hr: StateBlock(line=0,level=0,tokens=0), 0, 1, False
2023-05-30 14:52:55,504 - markdown_it.rules_block.list - DEBUG - entering list: StateBlock(line=0,level=0,tokens=0), 0, 1, False
2023-05-30 14:52:55,504 - markdown_it.rules_block.reference - DEBUG - entering reference: StateBlock(line=0,level=0,tokens=0), 0, 1, False
2023-05-30 14:52:55,504 - markdown_it.rules_block.html_block - DEBUG - entering html_block: StateBlock(line=0,level=0,tokens=0), 0, 1, False
2023-05-30 14:52:55,504 - markdown_it.rules_block.heading - DEBUG - entering heading: StateBlock(line=0,level=0,tokens=0), 0, 1, False
2023-05-30 14:52:55,504 - markdown_it.rules_block.lheading - DEBUG - entering lheading: StateBlock(line=0,level=0,tokens=0), 0, 1, False
2023-05-30 14:52:55,504 - markdown_it.rules_block.paragraph - DEBUG - entering paragraph: StateBlock(line=0,level=0,tokens=0), 0, 1, False
2023-05-30 14:52:55,511 - urllib3.connectionpool - DEBUG - Starting new HTTPS connection (1): api.gradio.app:443
2023-05-30 14:52:56,164 - urllib3.connectionpool - DEBUG - https://api.gradio.app:443 "POST /gradio-initiated-analytics/ HTTP/1.1" 200 None
2023-05-30 14:52:56,166 - urllib3.connectionpool - DEBUG - Starting new HTTPS connection (1): api.gradio.app:443
2023-05-30 14:52:56,709 - urllib3.connectionpool - DEBUG - https://api.gradio.app:443 "GET /pkg-version HTTP/1.1" 200 21
2023-05-30 14:52:56,711 - markdown_it.rules_block.code - DEBUG - entering code: StateBlock(line=0,level=0,tokens=0), 0, 1, False
2023-05-30 14:52:56,711 - markdown_it.rules_block.fence - DEBUG - entering fence: StateBlock(line=0,level=0,tokens=0), 0, 1, False
2023-05-30 14:52:56,711 - markdown_it.rules_block.blockquote - DEBUG - entering blockquote: StateBlock(line=0,level=0,tokens=0), 0, 1, False
2023-05-30 14:52:56,711 - markdown_it.rules_block.hr - DEBUG - entering hr: StateBlock(line=0,level=0,tokens=0), 0, 1, False
2023-05-30 14:52:56,711 - markdown_it.rules_block.list - DEBUG - entering list: StateBlock(line=0,level=0,tokens=0), 0, 1, False
2023-05-30 14:52:56,711 - markdown_it.rules_block.reference - DEBUG - entering reference: StateBlock(line=0,level=0,tokens=0), 0, 1, False
2023-05-30 14:52:56,711 - markdown_it.rules_block.html_block - DEBUG - entering html_block: StateBlock(line=0,level=0,tokens=0), 0, 1, False
2023-05-30 14:52:56,712 - markdown_it.rules_block.code - DEBUG - entering code: StateBlock(line=0,level=0,tokens=0), 0, 1, False
2023-05-30 14:52:56,712 - markdown_it.rules_block.fence - DEBUG - entering fence: StateBlock(line=0,level=0,tokens=0), 0, 1, False
2023-05-30 14:52:56,712 - markdown_it.rules_block.blockquote - DEBUG - entering blockquote: StateBlock(line=0,level=0,tokens=0), 0, 1, False
2023-05-30 14:52:56,712 - markdown_it.rules_block.hr - DEBUG - entering hr: StateBlock(line=0,level=0,tokens=0), 0, 1, False
2023-05-30 14:52:56,712 - markdown_it.rules_block.list - DEBUG - entering list: StateBlock(line=0,level=0,tokens=0), 0, 1, False
2023-05-30 14:52:56,712 - markdown_it.rules_block.reference - DEBUG - entering reference: StateBlock(line=0,level=0,tokens=0), 0, 1, False
2023-05-30 14:52:56,712 - markdown_it.rules_block.html_block - DEBUG - entering html_block: StateBlock(line=0,level=0,tokens=0), 0, 1, False
2023-05-30 14:52:56,732 - asyncio - DEBUG - Using proactor: IocpProactor
2023-05-30 14:52:56,746 - urllib3.connectionpool - DEBUG - Starting new HTTP connection (1): 127.0.0.1:7860
2023-05-30 14:52:56,748 - urllib3.connectionpool - DEBUG - http://127.0.0.1:7860 "GET /startup-events HTTP/1.1" 200 4
2023-05-30 14:52:56,750 - urllib3.connectionpool - DEBUG - Starting new HTTP connection (1): 127.0.0.1:7860
2023-05-30 14:52:56,759 - urllib3.connectionpool - DEBUG - http://127.0.0.1:7860 "HEAD / HTTP/1.1" 200 0
2023-05-30 14:52:56,760 - urllib3.connectionpool - DEBUG - Starting new HTTPS connection (1): api.gradio.app:443
2023-05-30 14:52:57,418 - urllib3.connectionpool - DEBUG - https://api.gradio.app:443 "POST /gradio-launched-analytics/ HTTP/1.1" 200 None
2023-05-30 14:53:27,177 - urllib3.connectionpool - DEBUG - Starting new HTTPS connection (1): checkip.amazonaws.com:443
2023-05-30 14:53:28,230 - urllib3.connectionpool - DEBUG - https://checkip.amazonaws.com:443 "GET / HTTP/1.1" 200 11
2023-05-30 14:53:28,233 - urllib3.connectionpool - DEBUG - Starting new HTTPS connection (1): api.gradio.app:443
2023-05-30 14:53:28,881 - urllib3.connectionpool - DEBUG - https://api.gradio.app:443 "POST /gradio-initiated-analytics/ HTTP/1.1" 200 None
2023-05-30 14:53:28,883 - markdown_it.rules_block.code - DEBUG - entering code: StateBlock(line=0,level=0,tokens=0), 0, 1, False
2023-05-30 14:53:28,883 - markdown_it.rules_block.fence - DEBUG - entering fence: StateBlock(line=0,level=0,tokens=0), 0, 1, False
2023-05-30 14:53:28,883 - markdown_it.rules_block.blockquote - DEBUG - entering blockquote: StateBlock(line=0,level=0,tokens=0), 0, 1, False
2023-05-30 14:53:28,883 - markdown_it.rules_block.hr - DEBUG - entering hr: StateBlock(line=0,level=0,tokens=0), 0, 1, False
2023-05-30 14:53:28,883 - markdown_it.rules_block.list - DEBUG - entering list: StateBlock(line=0,level=0,tokens=0), 0, 1, False
2023-05-30 14:53:28,883 - markdown_it.rules_block.reference - DEBUG - entering reference: StateBlock(line=0,level=0,tokens=0), 0, 1, False
2023-05-30 14:53:28,883 - markdown_it.rules_block.html_block - DEBUG - entering html_block: StateBlock(line=0,level=0,tokens=0), 0, 1, False
2023-05-30 14:53:28,883 - markdown_it.rules_block.heading - DEBUG - entering heading: StateBlock(line=0,level=0,tokens=0), 0, 1, False
2023-05-30 14:53:28,883 - markdown_it.rules_block.lheading - DEBUG - entering lheading: StateBlock(line=0,level=0,tokens=0), 0, 1, False
2023-05-30 14:53:28,883 - markdown_it.rules_block.paragraph - DEBUG - entering paragraph: StateBlock(line=0,level=0,tokens=0), 0, 1, False
2023-05-30 14:53:28,892 - urllib3.connectionpool - DEBUG - Starting new HTTPS connection (1): api.gradio.app:443
2023-05-30 14:53:29,556 - urllib3.connectionpool - DEBUG - https://api.gradio.app:443 "POST /gradio-initiated-analytics/ HTTP/1.1" 200 None
2023-05-30 14:53:29,559 - urllib3.connectionpool - DEBUG - Starting new HTTPS connection (1): api.gradio.app:443
2023-05-30 14:53:30,103 - urllib3.connectionpool - DEBUG - https://api.gradio.app:443 "GET /pkg-version HTTP/1.1" 200 21
2023-05-30 14:53:30,106 - markdown_it.rules_block.code - DEBUG - entering code: StateBlock(line=0,level=0,tokens=0), 0, 1, False
2023-05-30 14:53:30,106 - markdown_it.rules_block.fence - DEBUG - entering fence: StateBlock(line=0,level=0,tokens=0), 0, 1, False
2023-05-30 14:53:30,106 - markdown_it.rules_block.blockquote - DEBUG - entering blockquote: StateBlock(line=0,level=0,tokens=0), 0, 1, False
2023-05-30 14:53:30,106 - markdown_it.rules_block.hr - DEBUG - entering hr: StateBlock(line=0,level=0,tokens=0), 0, 1, False
2023-05-30 14:53:30,106 - markdown_it.rules_block.list - DEBUG - entering list: StateBlock(line=0,level=0,tokens=0), 0, 1, False
2023-05-30 14:53:30,106 - markdown_it.rules_block.reference - DEBUG - entering reference: StateBlock(line=0,level=0,tokens=0), 0, 1, False
2023-05-30 14:53:30,106 - markdown_it.rules_block.html_block - DEBUG - entering html_block: StateBlock(line=0,level=0,tokens=0), 0, 1, False
2023-05-30 14:53:30,106 - markdown_it.rules_block.code - DEBUG - entering code: StateBlock(line=0,level=0,tokens=0), 0, 1, False
2023-05-30 14:53:30,106 - markdown_it.rules_block.fence - DEBUG - entering fence: StateBlock(line=0,level=0,tokens=0), 0, 1, False
2023-05-30 14:53:30,106 - markdown_it.rules_block.blockquote - DEBUG - entering blockquote: StateBlock(line=0,level=0,tokens=0), 0, 1, False
2023-05-30 14:53:30,106 - markdown_it.rules_block.hr - DEBUG - entering hr: StateBlock(line=0,level=0,tokens=0), 0, 1, False
2023-05-30 14:53:30,106 - markdown_it.rules_block.list - DEBUG - entering list: StateBlock(line=0,level=0,tokens=0), 0, 1, False
2023-05-30 14:53:30,107 - markdown_it.rules_block.reference - DEBUG - entering reference: StateBlock(line=0,level=0,tokens=0), 0, 1, False
2023-05-30 14:53:30,107 - markdown_it.rules_block.html_block - DEBUG - entering html_block: StateBlock(line=0,level=0,tokens=0), 0, 1, False
2023-05-30 14:53:30,137 - asyncio - DEBUG - Using proactor: IocpProactor
2023-05-30 14:53:30,151 - urllib3.connectionpool - DEBUG - Starting new HTTP connection (1): 127.0.0.1:7860
2023-05-30 14:53:30,154 - urllib3.connectionpool - DEBUG - http://127.0.0.1:7860 "GET /startup-events HTTP/1.1" 200 4
2023-05-30 14:53:30,157 - urllib3.connectionpool - DEBUG - Starting new HTTP connection (1): 127.0.0.1:7860
2023-05-30 14:53:30,171 - urllib3.connectionpool - DEBUG - http://127.0.0.1:7860 "HEAD / HTTP/1.1" 200 0
2023-05-30 14:53:30,173 - urllib3.connectionpool - DEBUG - Starting new HTTPS connection (1): api.gradio.app:443
2023-05-30 14:53:30,824 - urllib3.connectionpool - DEBUG - https://api.gradio.app:443 "POST /gradio-launched-analytics/ HTTP/1.1" 200 None
